# Logfile created on 2017-02-03 14:39:31 -0700 by logger.rb/47272
I, [2017-02-03T14:39:31.562524 #12656]  INFO -- : 0:  rake (11.2.2) from /Users/andrewchristensen/.rvm/gems/ruby-2.2.2/specifications/rake-11.2.2.gemspec
I, [2017-02-03T14:39:31.562787 #12656]  INFO -- : 0:  concurrent-ruby (1.0.2) from /Users/andrewchristensen/.rvm/gems/ruby-2.2.2/specifications/concurrent-ruby-1.0.2.gemspec
I, [2017-02-03T14:39:31.563013 #12656]  INFO -- : 0:  i18n (0.7.0) from /Users/andrewchristensen/.rvm/gems/ruby-2.2.2/specifications/i18n-0.7.0.gemspec
I, [2017-02-03T14:39:31.563228 #12656]  INFO -- : 0:  minitest (5.9.0) from /Users/andrewchristensen/.rvm/gems/ruby-2.2.2/specifications/minitest-5.9.0.gemspec
I, [2017-02-03T14:39:31.563499 #12656]  INFO -- : 0:  thread_safe (0.3.5) from /Users/andrewchristensen/.rvm/gems/ruby-2.2.2/specifications/thread_safe-0.3.5.gemspec
I, [2017-02-03T14:39:31.563679 #12656]  INFO -- : 0:  tzinfo (1.2.2) from /Users/andrewchristensen/.rvm/gems/ruby-2.2.2/specifications/tzinfo-1.2.2.gemspec
I, [2017-02-03T14:39:31.563854 #12656]  INFO -- : 0:  activesupport (5.0.0) from /Users/andrewchristensen/.rvm/gems/ruby-2.2.2/specifications/activesupport-5.0.0.gemspec
I, [2017-02-03T14:39:31.564077 #12656]  INFO -- : 0:  addressable (2.4.0) from /Users/andrewchristensen/.rvm/gems/ruby-2.2.2/specifications/addressable-2.4.0.gemspec
I, [2017-02-03T14:39:31.564311 #12656]  INFO -- : 0:  execjs (2.7.0) from /Users/andrewchristensen/.rvm/gems/ruby-2.2.2/specifications/execjs-2.7.0.gemspec
I, [2017-02-03T14:39:31.564526 #12656]  INFO -- : 0:  autoprefixer-rails (6.3.7) from /Users/andrewchristensen/.rvm/gems/ruby-2.2.2/specifications/autoprefixer-rails-6.3.7.gemspec
I, [2017-02-03T14:39:31.564723 #12656]  INFO -- : 0:  coffee-script-source (1.10.0) from /Users/andrewchristensen/.rvm/gems/ruby-2.2.2/specifications/coffee-script-source-1.10.0.gemspec
I, [2017-02-03T14:39:31.564902 #12656]  INFO -- : 0:  coffee-script (2.4.1) from /Users/andrewchristensen/.rvm/gems/ruby-2.2.2/specifications/coffee-script-2.4.1.gemspec
I, [2017-02-03T14:39:31.565116 #12656]  INFO -- : 0:  colorator (0.1) from /Users/andrewchristensen/.rvm/gems/ruby-2.2.2/specifications/colorator-0.1.gemspec
I, [2017-02-03T14:39:31.565339 #12656]  INFO -- : 0:  ffi (1.9.14) from /Users/andrewchristensen/.rvm/gems/ruby-2.2.2/specifications/ffi-1.9.14.gemspec
I, [2017-02-03T14:39:31.565596 #12656]  INFO -- : 0:  ethon (0.9.0) from /Users/andrewchristensen/.rvm/gems/ruby-2.2.2/specifications/ethon-0.9.0.gemspec
I, [2017-02-03T14:39:31.565890 #12656]  INFO -- : 0:  forwardable-extended (2.6.0) from /Users/andrewchristensen/.rvm/gems/ruby-2.2.2/specifications/forwardable-extended-2.6.0.gemspec
I, [2017-02-03T14:39:31.566189 #12656]  INFO -- : 0:  extras (0.1.0) from /Users/andrewchristensen/.rvm/gems/ruby-2.2.2/specifications/extras-0.1.0.gemspec
I, [2017-02-03T14:39:31.566429 #12656]  INFO -- : 0:  multipart-post (2.0.0) from /Users/andrewchristensen/.rvm/gems/ruby-2.2.2/specifications/multipart-post-2.0.0.gemspec
I, [2017-02-03T14:39:31.566687 #12656]  INFO -- : 0:  faraday (0.9.2) from /Users/andrewchristensen/.rvm/gems/ruby-2.2.2/specifications/faraday-0.9.2.gemspec
I, [2017-02-03T14:39:31.566974 #12656]  INFO -- : 0:  fastimage (2.0.0) from /Users/andrewchristensen/.rvm/gems/ruby-2.2.2/specifications/fastimage-2.0.0.gemspec
I, [2017-02-03T14:39:31.567218 #12656]  INFO -- : 0:  gemoji (2.1.0) from /Users/andrewchristensen/.rvm/gems/ruby-2.2.2/specifications/gemoji-2.1.0.gemspec
I, [2017-02-03T14:39:31.567509 #12656]  INFO -- : 0:  net-dns (0.8.0) from /Users/andrewchristensen/.rvm/gems/ruby-2.2.2/specifications/net-dns-0.8.0.gemspec
I, [2017-02-03T14:39:31.567691 #12656]  INFO -- : 0:  sawyer (0.7.0) from /Users/andrewchristensen/.rvm/gems/ruby-2.2.2/specifications/sawyer-0.7.0.gemspec
I, [2017-02-03T14:39:31.567899 #12656]  INFO -- : 0:  octokit (4.3.0) from /Users/andrewchristensen/.rvm/gems/ruby-2.2.2/specifications/octokit-4.3.0.gemspec
I, [2017-02-03T14:39:31.568132 #12656]  INFO -- : 0:  public_suffix (1.5.3) from /Users/andrewchristensen/.rvm/gems/ruby-2.2.2/specifications/public_suffix-1.5.3.gemspec
I, [2017-02-03T14:39:31.568337 #12656]  INFO -- : 0:  typhoeus (0.8.0) from /Users/andrewchristensen/.rvm/gems/ruby-2.2.2/specifications/typhoeus-0.8.0.gemspec
I, [2017-02-03T14:39:31.568528 #12656]  INFO -- : 0:  github-pages-health-check (1.1.0) from /Users/andrewchristensen/.rvm/gems/ruby-2.2.2/specifications/github-pages-health-check-1.1.0.gemspec
I, [2017-02-03T14:39:31.568698 #12656]  INFO -- : 0:  sass (3.4.22) from /Users/andrewchristensen/.rvm/gems/ruby-2.2.2/specifications/sass-3.4.22.gemspec
I, [2017-02-03T14:39:31.568890 #12656]  INFO -- : 0:  jekyll-sass-converter (1.3.0) from /Users/andrewchristensen/.rvm/gems/ruby-2.2.2/specifications/jekyll-sass-converter-1.3.0.gemspec
I, [2017-02-03T14:39:31.569174 #12656]  INFO -- : 0:  rb-fsevent (0.9.7) from /Users/andrewchristensen/.rvm/gems/ruby-2.2.2/specifications/rb-fsevent-0.9.7.gemspec
I, [2017-02-03T14:39:31.569391 #12656]  INFO -- : 0:  rb-inotify (0.9.7) from /Users/andrewchristensen/.rvm/gems/ruby-2.2.2/specifications/rb-inotify-0.9.7.gemspec
I, [2017-02-03T14:39:31.569588 #12656]  INFO -- : 0:  listen (3.0.6) from /Users/andrewchristensen/.rvm/gems/ruby-2.2.2/specifications/listen-3.0.6.gemspec
I, [2017-02-03T14:39:31.569764 #12656]  INFO -- : 0:  jekyll-watch (1.4.0) from /Users/andrewchristensen/.rvm/gems/ruby-2.2.2/specifications/jekyll-watch-1.4.0.gemspec
I, [2017-02-03T14:39:31.569928 #12656]  INFO -- : 0:  kramdown (1.11.1) from /Users/andrewchristensen/.rvm/gems/ruby-2.2.2/specifications/kramdown-1.11.1.gemspec
I, [2017-02-03T14:39:31.570142 #12656]  INFO -- : 0:  liquid (3.0.6) from /Users/andrewchristensen/.rvm/gems/ruby-2.2.2/specifications/liquid-3.0.6.gemspec
I, [2017-02-03T14:39:31.570479 #12656]  INFO -- : 0:  mercenary (0.3.6) from /Users/andrewchristensen/.rvm/gems/ruby-2.2.2/specifications/mercenary-0.3.6.gemspec
I, [2017-02-03T14:39:31.570680 #12656]  INFO -- : 0:  rouge (1.11.1) from /Users/andrewchristensen/.rvm/gems/ruby-2.2.2/specifications/rouge-1.11.1.gemspec
I, [2017-02-03T14:39:31.570854 #12656]  INFO -- : 0:  safe_yaml (1.0.4) from /Users/andrewchristensen/.rvm/gems/ruby-2.2.2/specifications/safe_yaml-1.0.4.gemspec
I, [2017-02-03T14:39:31.571005 #12656]  INFO -- : 0:  jekyll (3.1.6) from /Users/andrewchristensen/.rvm/gems/ruby-2.2.2/specifications/jekyll-3.1.6.gemspec
I, [2017-02-03T14:39:31.571210 #12656]  INFO -- : 0:  jekyll-coffeescript (1.0.1) from /Users/andrewchristensen/.rvm/gems/ruby-2.2.2/specifications/jekyll-coffeescript-1.0.1.gemspec
I, [2017-02-03T14:39:31.571409 #12656]  INFO -- : 0:  jekyll-feed (0.5.1) from /Users/andrewchristensen/.rvm/gems/ruby-2.2.2/specifications/jekyll-feed-0.5.1.gemspec
I, [2017-02-03T14:39:31.571603 #12656]  INFO -- : 0:  jekyll-gist (1.4.0) from /Users/andrewchristensen/.rvm/gems/ruby-2.2.2/specifications/jekyll-gist-1.4.0.gemspec
I, [2017-02-03T14:39:31.571801 #12656]  INFO -- : 0:  jekyll-github-metadata (2.0.2) from /Users/andrewchristensen/.rvm/gems/ruby-2.2.2/specifications/jekyll-github-metadata-2.0.2.gemspec
I, [2017-02-03T14:39:31.571981 #12656]  INFO -- : 0:  mini_portile2 (2.1.0) from /Users/andrewchristensen/.rvm/gems/ruby-2.2.2/specifications/mini_portile2-2.1.0.gemspec
I, [2017-02-03T14:39:31.572182 #12656]  INFO -- : 0:  pkg-config (1.1.7) from /Users/andrewchristensen/.rvm/gems/ruby-2.2.2/specifications/pkg-config-1.1.7.gemspec
I, [2017-02-03T14:39:31.572504 #12656]  INFO -- : 0:  nokogiri (1.6.8) from /Users/andrewchristensen/.rvm/gems/ruby-2.2.2/specifications/nokogiri-1.6.8.gemspec
I, [2017-02-03T14:39:31.572744 #12656]  INFO -- : 0:  html-pipeline (2.4.2) from /Users/andrewchristensen/.rvm/gems/ruby-2.2.2/specifications/html-pipeline-2.4.2.gemspec
I, [2017-02-03T14:39:31.572992 #12656]  INFO -- : 0:  jekyll-mentions (1.1.3) from /Users/andrewchristensen/.rvm/gems/ruby-2.2.2/specifications/jekyll-mentions-1.1.3.gemspec
I, [2017-02-03T14:39:31.573213 #12656]  INFO -- : 0:  jekyll-paginate (1.1.0) from /Users/andrewchristensen/.rvm/gems/ruby-2.2.2/specifications/jekyll-paginate-1.1.0.gemspec
I, [2017-02-03T14:39:31.573411 #12656]  INFO -- : 0:  jekyll-redirect-from (0.11.0) from /Users/andrewchristensen/.rvm/gems/ruby-2.2.2/specifications/jekyll-redirect-from-0.11.0.gemspec
I, [2017-02-03T14:39:31.573627 #12656]  INFO -- : 0:  jekyll-seo-tag (2.0.0) from /Users/andrewchristensen/.rvm/gems/ruby-2.2.2/specifications/jekyll-seo-tag-2.0.0.gemspec
I, [2017-02-03T14:39:31.573900 #12656]  INFO -- : 0:  jekyll-sitemap (0.10.0) from /Users/andrewchristensen/.rvm/gems/ruby-2.2.2/specifications/jekyll-sitemap-0.10.0.gemspec
I, [2017-02-03T14:39:31.574135 #12656]  INFO -- : 0:  jemoji (0.6.2) from /Users/andrewchristensen/.rvm/gems/ruby-2.2.2/specifications/jemoji-0.6.2.gemspec
I, [2017-02-03T14:39:31.574519 #12656]  INFO -- : 0:  terminal-table (1.6.0) from /Users/andrewchristensen/.rvm/gems/ruby-2.2.2/specifications/terminal-table-1.6.0.gemspec
I, [2017-02-03T14:39:31.574741 #12656]  INFO -- : 0:  github-pages (87) from /Users/andrewchristensen/.rvm/gems/ruby-2.2.2/specifications/github-pages-87.gemspec
I, [2017-02-03T14:39:31.574916 #12656]  INFO -- : 0:  pathutil (0.14.0) from /Users/andrewchristensen/.rvm/gems/ruby-2.2.2/specifications/pathutil-0.14.0.gemspec
I, [2017-02-03T14:39:31.575100 #12656]  INFO -- : 0:  rack (2.0.1) from /Users/andrewchristensen/.rvm/gems/ruby-2.2.2/specifications/rack-2.0.1.gemspec
I, [2017-02-03T14:39:31.575279 #12656]  INFO -- : 0:  sprockets (3.6.3) from /Users/andrewchristensen/.rvm/gems/ruby-2.2.2/specifications/sprockets-3.6.3.gemspec
I, [2017-02-03T14:39:31.575445 #12656]  INFO -- : 0:  jekyll-assets (2.2.7) from /Users/andrewchristensen/.rvm/gems/ruby-2.2.2/specifications/jekyll-assets-2.2.7.gemspec
I, [2017-02-03T14:39:31.575601 #12656]  INFO -- : 0:  octopress-autoprefixer (2.0.0) from /Users/andrewchristensen/.rvm/gems/ruby-2.2.2/specifications/octopress-autoprefixer-2.0.0.gemspec
I, [2017-02-03T14:39:31.575764 #12656]  INFO -- : 0:  scss_lint (0.49.0) from /Users/andrewchristensen/.rvm/gems/ruby-2.2.2/specifications/scss_lint-0.49.0.gemspec
I, [2017-02-03T14:39:31.575906 #12656]  INFO -- : 0:  bundler (1.5.1) from /Users/andrewchristensen/.rvm/gems/ruby-2.2.2/specifications/bundler-1.5.1.gemspec
